\BOOKMARK [0][-]{chapter.1}{\376\377\000G\000a\000t\000h\000e\000r\000i\000n\000g\000\040\000c\000o\000m\000p\000o\000n\000e\000n\000t\000s}{}% 1
\BOOKMARK [1][-]{section.1.1}{\376\377\000t\000a\000m\000o\000s\000.\000H\000u\000b}{chapter.1}% 2
\BOOKMARK [1][-]{section.1.2}{\376\377\000t\000a\000m\000o\000s\000.\000T\000i\000m\000e\000S\000e\000t\000t\000i\000n\000g\000s}{chapter.1}% 3
\BOOKMARK [1][-]{section.1.3}{\376\377\000t\000a\000m\000o\000s\000.\000M\000I\000L\000P\000M\000o\000d\000e\000l}{chapter.1}% 4
\BOOKMARK [0][-]{chapter.2}{\376\377\000E\000n\000e\000r\000g\000y\000\040\000v\000e\000c\000t\000o\000r\000s}{}% 5
\BOOKMARK [1][-]{section.2.1}{\376\377\000E\000l\000e\000m\000e\000n\000t\000s}{chapter.2}% 6
\BOOKMARK [2][-]{subsection.2.1.1}{\376\377\000t\000a\000m\000o\000s\000.\000e\000l\000e\000m\000e\000n\000t\000.\000E\000l\000e\000c\000t\000r\000i\000c\000i\000t\000y\000V\000e\000c\000t\000o\000r}{section.2.1}% 7
\BOOKMARK [2][-]{subsection.2.1.2}{\376\377\000t\000a\000m\000o\000s\000.\000e\000l\000e\000m\000e\000n\000t\000.\000F\000u\000e\000l\000V\000e\000c\000t\000o\000r}{section.2.1}% 8
\BOOKMARK [2][-]{subsection.2.1.3}{\376\377\000t\000a\000m\000o\000s\000.\000e\000l\000e\000m\000e\000n\000t\000.\000T\000h\000e\000r\000m\000a\000l\000V\000e\000c\000t\000o\000r}{section.2.1}% 9
\BOOKMARK [1][-]{section.2.2}{\376\377\000U\000t\000i\000l\000i\000t\000i\000e\000s}{chapter.2}% 10
\BOOKMARK [2][-]{subsection.2.2.1}{\376\377\000t\000a\000m\000o\000s\000.\000e\000l\000e\000m\000e\000n\000t\000.\000f\000e\000t\000c\000h\000\137\000T\000V\000P}{section.2.2}% 11
\BOOKMARK [2][-]{subsection.2.2.2}{\376\377\000t\000a\000m\000o\000s\000.\000e\000l\000e\000m\000e\000n\000t\000.\000g\000e\000t\000\137\000e\000x\000i\000s\000t\000i\000n\000g\000\137\000T\000V\000P\000s}{section.2.2}% 12
\BOOKMARK [2][-]{subsection.2.2.3}{\376\377\000t\000a\000m\000o\000s\000.\000e\000l\000e\000m\000e\000n\000t\000.\000g\000e\000t\000\137\000d\000e\000a\000d\000\137\000s\000t\000a\000t\000e\000\137\000t\000e\000m\000p\000e\000r\000a\000t\000u\000r\000e}{section.2.2}% 13
\BOOKMARK [2][-]{subsection.2.2.4}{\376\377\000t\000a\000m\000o\000s\000.\000e\000l\000e\000m\000e\000n\000t\000.\000s\000e\000t\000\137\000d\000e\000a\000d\000\137\000s\000t\000a\000t\000e\000\137\000t\000e\000m\000p\000e\000r\000a\000t\000u\000r\000e}{section.2.2}% 14
\BOOKMARK [0][-]{chapter.3}{\376\377\000P\000r\000o\000d\000u\000c\000t\000i\000o\000n\000\040\000c\000o\000m\000p\000o\000n\000e\000n\000t\000s}{}% 15
\BOOKMARK [1][-]{section.3.1}{\376\377\000t\000a\000m\000o\000s\000.\000p\000r\000o\000d\000u\000c\000t\000i\000o\000n\000.\000A\000b\000s\000H\000P}{chapter.3}% 16
\BOOKMARK [1][-]{section.3.2}{\376\377\000t\000a\000m\000o\000s\000.\000p\000r\000o\000d\000u\000c\000t\000i\000o\000n\000.\000B\000i\000o\000m\000a\000s\000s\000B\000o\000i\000l\000e\000r}{chapter.3}% 17
\BOOKMARK [1][-]{section.3.3}{\376\377\000t\000a\000m\000o\000s\000.\000p\000r\000o\000d\000u\000c\000t\000i\000o\000n\000.\000C\000H\000P}{chapter.3}% 18
\BOOKMARK [1][-]{section.3.4}{\376\377\000t\000a\000m\000o\000s\000.\000p\000r\000o\000d\000u\000c\000t\000i\000o\000n\000.\000C\000O\000P\000M\000o\000d\000e\000l\000s}{chapter.3}% 19
\BOOKMARK [1][-]{section.3.5}{\376\377\000t\000a\000m\000o\000s\000.\000p\000r\000o\000d\000u\000c\000t\000i\000o\000n\000.\000C\000o\000m\000p\000H\000P}{chapter.3}% 20
\BOOKMARK [1][-]{section.3.6}{\376\377\000t\000a\000m\000o\000s\000.\000p\000r\000o\000d\000u\000c\000t\000i\000o\000n\000.\000D\000r\000y\000C\000o\000o\000l\000e\000r}{chapter.3}% 21
\BOOKMARK [1][-]{section.3.7}{\376\377\000t\000a\000m\000o\000s\000.\000p\000r\000o\000d\000u\000c\000t\000i\000o\000n\000.\000E\000l\000e\000c\000t\000r\000i\000c\000H\000e\000a\000t\000e\000r}{chapter.3}% 22
\BOOKMARK [1][-]{section.3.8}{\376\377\000t\000a\000m\000o\000s\000.\000p\000r\000o\000d\000u\000c\000t\000i\000o\000n\000.\000E\000l\000e\000m\000e\000n\000t\000C\000o\000n\000v\000e\000r\000t\000e\000r}{chapter.3}% 23
\BOOKMARK [1][-]{section.3.9}{\376\377\000t\000a\000m\000o\000s\000.\000p\000r\000o\000d\000u\000c\000t\000i\000o\000n\000.\000F\000P\000S\000o\000l\000a\000r}{chapter.3}% 24
\BOOKMARK [1][-]{section.3.10}{\376\377\000t\000a\000m\000o\000s\000.\000p\000r\000o\000d\000u\000c\000t\000i\000o\000n\000.\000G\000a\000s\000B\000o\000i\000l\000e\000r}{chapter.3}% 25
\BOOKMARK [1][-]{section.3.11}{\376\377\000t\000a\000m\000o\000s\000.\000p\000r\000o\000d\000u\000c\000t\000i\000o\000n\000.\000H\000e\000a\000t\000E\000x\000c\000h\000a\000n\000g\000e\000r}{chapter.3}% 26
\BOOKMARK [1][-]{section.3.12}{\376\377\000t\000a\000m\000o\000s\000.\000p\000r\000o\000d\000u\000c\000t\000i\000o\000n\000.\000P\000u\000m\000p}{chapter.3}% 27
\BOOKMARK [0][-]{chapter.4}{\376\377\000S\000t\000o\000r\000a\000g\000e\000\040\000c\000o\000m\000p\000o\000n\000e\000n\000t\000s}{}% 28
\BOOKMARK [1][-]{section.4.1}{\376\377\000t\000a\000m\000o\000s\000.\000s\000t\000o\000r\000a\000g\000e\000.\000O\000n\000e\000V\000e\000c\000t\000o\000r}{chapter.4}% 29
\BOOKMARK [1][-]{section.4.2}{\376\377\000t\000a\000m\000o\000s\000.\000s\000t\000o\000r\000a\000g\000e\000.\000T\000h\000e\000r\000m\000o\000c\000l\000i\000n\000e}{chapter.4}% 30
\BOOKMARK [0][-]{chapter.5}{\376\377\000E\000l\000e\000m\000e\000n\000t\000I\000O\000\040\000c\000o\000m\000p\000o\000n\000e\000n\000t\000s}{}% 31
\BOOKMARK [1][-]{section.5.1}{\376\377\000t\000a\000m\000o\000s\000.\000e\000l\000e\000m\000e\000n\000t\000I\000O\000.\000C\000o\000s\000t}{chapter.5}% 32
\BOOKMARK [1][-]{section.5.2}{\376\377\000t\000a\000m\000o\000s\000.\000e\000l\000e\000m\000e\000n\000t\000I\000O\000.\000G\000r\000i\000d}{chapter.5}% 33
\BOOKMARK [1][-]{section.5.3}{\376\377\000t\000a\000m\000o\000s\000.\000e\000l\000e\000m\000e\000n\000t\000I\000O\000.\000L\000o\000a\000d}{chapter.5}% 34
\BOOKMARK [0][-]{chapter.6}{\376\377\000N\000e\000t\000w\000o\000r\000k\000\040\000c\000o\000m\000p\000o\000n\000e\000n\000t\000s}{}% 35
\BOOKMARK [1][-]{section.6.1}{\376\377\000C\000o\000m\000p\000o\000n\000e\000n\000t\000s}{chapter.6}% 36
\BOOKMARK [2][-]{subsection.6.1.1}{\376\377\000t\000a\000m\000o\000s\000.\000n\000e\000t\000w\000o\000r\000k\000.\000N\000o\000n\000T\000h\000e\000r\000m\000a\000l\000N\000e\000t\000w\000o\000r\000k}{section.6.1}% 37
\BOOKMARK [2][-]{subsection.6.1.2}{\376\377\000t\000a\000m\000o\000s\000.\000n\000e\000t\000w\000o\000r\000k\000.\000T\000h\000e\000r\000m\000a\000l\000N\000e\000t\000w\000o\000r\000k}{section.6.1}% 38
\BOOKMARK [2][-]{subsection.6.1.3}{\376\377\000t\000a\000m\000o\000s\000.\000n\000e\000t\000w\000o\000r\000k\000.\000H\000R\000E\000T\000h\000e\000r\000m\000a\000l\000N\000e\000t\000w\000o\000r\000k}{section.6.1}% 39
\BOOKMARK [1][-]{section.6.2}{\376\377\000U\000t\000i\000l\000i\000t\000i\000e\000s}{chapter.6}% 40
\BOOKMARK [2][-]{subsection.6.2.1}{\376\377\000t\000a\000m\000o\000s\000.\000n\000e\000t\000w\000o\000r\000k\000.\000g\000e\000t\000\137\000d\000i\000s\000t\000a\000n\000c\000e\000\137\000f\000u\000n\000c\000t\000i\000o\000n}{section.6.2}% 41
\BOOKMARK [2][-]{subsection.6.2.2}{\376\377\000t\000a\000m\000o\000s\000.\000n\000e\000t\000w\000o\000r\000k\000.\000s\000e\000t\000\137\000d\000i\000s\000t\000a\000n\000c\000e\000\137\000f\000u\000n\000c\000t\000i\000o\000n}{section.6.2}% 42
\BOOKMARK [0][-]{chapter.7}{\376\377\000C\000o\000n\000s\000t\000r\000a\000i\000n\000i\000n\000g\000\040\000c\000o\000m\000p\000o\000n\000e\000n\000t\000s\000\040\000a\000n\000d\000\040\000t\000h\000e\000\040\000u\000s\000e\000\040\000o\000f\000\040\000c\000o\000m\000p\000o\000n\000e\000n\000t\000s}{}% 43
\BOOKMARK [1][-]{section.7.1}{\376\377\000t\000a\000m\000o\000s\000.\000I\000n\000t\000e\000r\000f\000a\000c\000e\000M\000a\000s\000k}{chapter.7}% 44
\BOOKMARK [1][-]{section.7.2}{\376\377\000t\000a\000m\000o\000s\000.\000H\000u\000b\000.\000c\000o\000m\000p\000o\000n\000e\000n\000t\000s\000\137\000a\000s\000s\000e\000m\000b\000l\000i\000e\000s}{chapter.7}% 45
\BOOKMARK [1][-]{section.7.3}{\376\377\000t\000a\000m\000o\000s\000.\000M\000I\000L\000P\000M\000o\000d\000e\000l\000.\000c\000o\000m\000p\000o\000n\000e\000n\000t\000s\000\137\000a\000s\000s\000e\000m\000b\000l\000i\000e\000s}{chapter.7}% 46
\BOOKMARK [0][-]{chapter.8}{\376\377\000D\000a\000t\000a\000\040\000i\000n\000p\000u\000t\000\040\000a\000n\000d\000\040\000o\000u\000t\000p\000u\000t}{}% 47
\BOOKMARK [1][-]{section.8.1}{\376\377\000E\000x\000p\000o\000r\000t\000\040\000a\000n\000d\000\040\000a\000g\000g\000r\000e\000g\000a\000t\000e\000\040\000r\000e\000s\000u\000l\000t\000s}{chapter.8}% 48
\BOOKMARK [2][-]{subsection.8.1.1}{\376\377\000t\000a\000m\000o\000s\000.\000d\000a\000t\000a\000\137\000I\000O\000.\000R\000e\000s\000u\000l\000t\000s\000E\000x\000p\000o\000r\000t}{section.8.1}% 49
\BOOKMARK [2][-]{subsection.8.1.2}{\376\377\000t\000a\000m\000o\000s\000.\000d\000a\000t\000a\000\137\000I\000O\000.\000R\000e\000s\000u\000l\000t\000s\000B\000a\000t\000c\000h}{section.8.1}% 50
\BOOKMARK [1][-]{section.8.2}{\376\377\000L\000o\000a\000d\000\040\000d\000a\000t\000a\000\040\000f\000r\000o\000m\000\040\000d\000i\000s\000k}{chapter.8}% 51
\BOOKMARK [2][-]{subsection.8.2.1}{\376\377\000t\000a\000m\000o\000s\000.\000d\000a\000t\000a\000\137\000I\000O\000.\000r\000e\000a\000d\000\137\000p\000r\000o\000p\000e\000r\000t\000i\000e\000s}{section.8.2}% 52
\BOOKMARK [2][-]{subsection.8.2.2}{\376\377\000t\000a\000m\000o\000s\000.\000d\000a\000t\000a\000\137\000I\000O\000.\000r\000e\000a\000d\000\137\000d\000a\000t\000a}{section.8.2}% 53
\BOOKMARK [0][-]{chapter.9}{\376\377\000S\000o\000l\000v\000i\000n\000g\000\040\000t\000o\000o\000l\000s}{}% 54
\BOOKMARK [1][-]{section.9.1}{\376\377\000t\000a\000m\000o\000s\000.\000s\000o\000l\000v\000e\000\137\000t\000o\000o\000l\000s\000.\000A\000d\000v\000S\000o\000l\000v\000e}{chapter.9}% 55
\BOOKMARK [0][-]{chapter.10}{\376\377\000G\000e\000n\000e\000r\000a\000l\000\040\000s\000e\000t\000t\000i\000n\000g\000s}{}% 56
\BOOKMARK [1][-]{section.10.1}{\376\377\000t\000a\000m\000o\000s\000.\000a\000l\000l\000o\000w\000\137\000d\000u\000p\000l\000i\000c\000a\000t\000e\000d\000\137\000n\000a\000m\000e\000s}{chapter.10}% 57
\BOOKMARK [1][-]{section.10.2}{\376\377\000t\000a\000m\000o\000s\000.\000u\000s\000e\000\137\000n\000a\000m\000e\000\137\000i\000n\000\137\000M\000I\000L\000P}{chapter.10}% 58
\BOOKMARK [1][-]{section.10.3}{\376\377\000t\000a\000m\000o\000s\000.\000r\000e\000s\000e\000t\000\137\000n\000a\000m\000e\000s\000\137\000l\000i\000s\000t}{chapter.10}% 59
\BOOKMARK [0][-]{chapter.11}{\376\377\000I\000n\000d\000i\000c\000e\000s\000\040\000a\000n\000d\000\040\000t\000a\000b\000l\000e\000s}{}% 60
