This is pdfTeX, Version 3.14159265-2.6-1.40.20 (MiKTeX 2.9.7000 64-bit) (preloaded format=pdflatex 2019.11.21)  9 NOV 2022 11:30
entering extended mode
**./tamos.tex
(tamos.tex
LaTeX2e <2018-12-01>
(sphinxmanual.cls
Document Class: sphinxmanual 2019/12/01 v2.3.0 Document class (Sphinx manual)
("C:\Program Files\MiKTeX 2.9\tex/latex/base\report.cls"
Document Class: report 2018/09/03 v1.4i Standard LaTeX document class
("C:\Program Files\MiKTeX 2.9\tex/latex/base\size10.clo"
File: size10.clo 2018/09/03 v1.4i Standard LaTeX file (size option)
)
\c@part=\count80
\c@chapter=\count81
\c@section=\count82
\c@subsection=\count83
\c@subsubsection=\count84
\c@paragraph=\count85
\c@subparagraph=\count86
\c@figure=\count87
\c@table=\count88
\abovecaptionskip=\skip41
\belowcaptionskip=\skip42
\bibindent=\dimen102
)
LaTeX Info: Redefining \and on input line 35.
)
("C:\Program Files\MiKTeX 2.9\tex/latex/base\inputenc.sty"
Package: inputenc 2018/08/11 v1.3c Input encoding file
\inpenc@prehook=\toks14
\inpenc@posthook=\toks15
)
   defining Unicode char U+00A0 (decimal 160)
   defining Unicode char U+2500 (decimal 9472)
   defining Unicode char U+2502 (decimal 9474)
   defining Unicode char U+2514 (decimal 9492)
   defining Unicode char U+251C (decimal 9500)
   defining Unicode char U+2572 (decimal 9586)

(C:\Users\bn261677\AppData\Roaming\MiKTeX\2.9\tex/latex/cmap\cmap.sty
Package: cmap 2021/02/06 v1.0j CMap support: searchable PDF
)
("C:\Program Files\MiKTeX 2.9\tex/latex/base\fontenc.sty"
Package: fontenc 2018/08/11 v2.0j Standard LaTeX package

("C:\Program Files\MiKTeX 2.9\tex/latex/base\t1enc.def"
File: t1enc.def 2018/08/11 v2.0j Standard LaTeX file
LaTeX Font Info:    Redeclaring font encoding T1 on input line 48.
)<<t1.cmap>>)
("C:\Program Files\MiKTeX 2.9\tex/latex/amsmath\amsmath.sty"
Package: amsmath 2018/12/01 v2.17b AMS math features
\@mathmargin=\skip43

For additional information on amsmath, use the `?' option.
("C:\Program Files\MiKTeX 2.9\tex/latex/amsmath\amstext.sty"
Package: amstext 2000/06/29 v2.01 AMS text

("C:\Program Files\MiKTeX 2.9\tex/latex/amsmath\amsgen.sty"
File: amsgen.sty 1999/11/30 v2.0 generic functions
\@emptytoks=\toks16
\ex@=\dimen103
))
("C:\Program Files\MiKTeX 2.9\tex/latex/amsmath\amsbsy.sty"
Package: amsbsy 1999/11/29 v1.2d Bold Symbols
\pmbraise@=\dimen104
)
("C:\Program Files\MiKTeX 2.9\tex/latex/amsmath\amsopn.sty"
Package: amsopn 2016/03/08 v2.02 operator names
)
\inf@bad=\count89
LaTeX Info: Redefining \frac on input line 223.
\uproot@=\count90
\leftroot@=\count91
LaTeX Info: Redefining \overline on input line 385.
\classnum@=\count92
\DOTSCASE@=\count93
LaTeX Info: Redefining \ldots on input line 482.
LaTeX Info: Redefining \dots on input line 485.
LaTeX Info: Redefining \cdots on input line 606.
\Mathstrutbox@=\box27
\strutbox@=\box28
\big@size=\dimen105
LaTeX Font Info:    Redeclaring font encoding OML on input line 729.
LaTeX Font Info:    Redeclaring font encoding OMS on input line 730.
\macc@depth=\count94
\c@MaxMatrixCols=\count95
\dotsspace@=\muskip10
\c@parentequation=\count96
\dspbrk@lvl=\count97
\tag@help=\toks17
\row@=\count98
\column@=\count99
\maxfields@=\count100
\andhelp@=\toks18
\eqnshift@=\dimen106
\alignsep@=\dimen107
\tagshift@=\dimen108
\tagwidth@=\dimen109
\totwidth@=\dimen110
\lineht@=\dimen111
\@envbody=\toks19
\multlinegap=\skip44
\multlinetaggap=\skip45
\mathdisplay@stack=\toks20
LaTeX Info: Redefining \[ on input line 2844.
LaTeX Info: Redefining \] on input line 2845.
)
("C:\Program Files\MiKTeX 2.9\tex/latex/amsfonts\amssymb.sty"
Package: amssymb 2013/01/14 v3.01 AMS font symbols

("C:\Program Files\MiKTeX 2.9\tex/latex/amsfonts\amsfonts.sty"
Package: amsfonts 2013/01/14 v3.01 Basic AMSFonts support
\symAMSa=\mathgroup4
\symAMSb=\mathgroup5
LaTeX Font Info:    Overwriting math alphabet `\mathfrak' in version `bold'
(Font)                  U/euf/m/n --> U/euf/b/n on input line 106.
))
("C:\Program Files\MiKTeX 2.9\tex/generic/babel\babel.sty"
Package: babel 2019/04/01 3.28 The Babel package

("C:\Program Files\MiKTeX 2.9\tex/generic/babel\switch.def"
File: switch.def 2019/04/01 3.28 Babel switching mechanism
)
*************************************
* Local config file bblopts.cfg used
*
(C:\Users\bn261677\AppData\Roaming\MiKTeX\2.9\tex/latex/arabi\bblopts.cfg
File: bblopts.cfg 2005/09/08 v0.1 add Arabic and Farsi to "declared" options of
 babel
)
("C:\Program Files\MiKTeX 2.9\tex/latex/babel-english\english.ldf"
Language: english 2017/06/06 v3.3r English support from the babel system

("C:\Program Files\MiKTeX 2.9\tex/generic/babel\babel.def"
File: babel.def 2019/04/01 3.28 Babel common definitions
\babel@savecnt=\count101
\U@D=\dimen112

("C:\Program Files\MiKTeX 2.9\tex/generic/babel\txtbabel.def")
\bbl@dirlevel=\count102
)
\l@canadian = a dialect from \language\l@american 
\l@australian = a dialect from \language\l@british 
\l@newzealand = a dialect from \language\l@british 
))
(C:\Users\bn261677\AppData\Roaming\MiKTeX\2.9\tex/latex/tex-gyre\tgtermes.sty
Package: tgtermes 2009/09/27 v1.2 TeX Gyre Termes as default roman family

("C:\Program Files\MiKTeX 2.9\tex/latex/oberdiek\kvoptions.sty"
Package: kvoptions 2016/05/16 v3.12 Key value format for package options (HO)

("C:\Program Files\MiKTeX 2.9\tex/latex/graphics\keyval.sty"
Package: keyval 2014/10/28 v1.15 key=value parser (DPC)
\KV@toks@=\toks21
)
("C:\Program Files\MiKTeX 2.9\tex/generic/oberdiek\ltxcmds.sty"
Package: ltxcmds 2016/05/16 v1.23 LaTeX kernel commands for general use (HO)
)
("C:\Program Files\MiKTeX 2.9\tex/generic/oberdiek\kvsetkeys.sty"
Package: kvsetkeys 2016/05/16 v1.17 Key value parser (HO)

("C:\Program Files\MiKTeX 2.9\tex/generic/oberdiek\infwarerr.sty"
Package: infwarerr 2016/05/16 v1.4 Providing info/warning/error messages (HO)
)
("C:\Program Files\MiKTeX 2.9\tex/generic/oberdiek\etexcmds.sty"
Package: etexcmds 2016/05/16 v1.6 Avoid name clashes with e-TeX commands (HO)

("C:\Program Files\MiKTeX 2.9\tex/generic/oberdiek\ifluatex.sty"
Package: ifluatex 2016/05/16 v1.4 Provides the ifluatex switch (HO)
Package ifluatex Info: LuaTeX not detected.
)))))
(C:\Users\bn261677\AppData\Roaming\MiKTeX\2.9\tex/latex/tex-gyre\tgheros.sty
Package: tgheros 2009/09/27 v1.2 TeX Gyre Heros as default sans serif family
)
(C:\Users\bn261677\AppData\Roaming\MiKTeX\2.9\tex/latex/fncychap\fncychap.sty
Package: fncychap 2007/07/30 v1.34 LaTeX package (Revised chapters)
\RW=\skip46
\mylen=\skip47
\myhi=\skip48
\px=\skip49
\py=\skip50
\pyy=\skip51
\pxx=\skip52
\c@AlphaCnt=\count103
\c@AlphaDecCnt=\count104
)
(sphinx.sty
Package: sphinx 2021/01/27 v4.0.0 LaTeX package (Sphinx markup)

(C:\Users\bn261677\AppData\Roaming\MiKTeX\2.9\tex/latex/xcolor\xcolor.sty
Package: xcolor 2016/05/11 v2.12 LaTeX color extensions (UK)

("C:\Program Files\MiKTeX 2.9\tex/latex/graphics-cfg\color.cfg"
File: color.cfg 2016/01/02 v1.6 sample color configuration
)
Package xcolor Info: Driver file: pdftex.def on input line 225.

("C:\Program Files\MiKTeX 2.9\tex/latex/graphics-def\pdftex.def"
File: pdftex.def 2018/01/08 v1.0l Graphics/color driver for pdftex
)
Package xcolor Info: Model `cmy' substituted by `cmy0' on input line 1348.
Package xcolor Info: Model `hsb' substituted by `rgb' on input line 1352.
Package xcolor Info: Model `RGB' extended on input line 1364.
Package xcolor Info: Model `HTML' substituted by `rgb' on input line 1366.
Package xcolor Info: Model `Hsb' substituted by `hsb' on input line 1367.
Package xcolor Info: Model `tHsb' substituted by `hsb' on input line 1368.
Package xcolor Info: Model `HSB' substituted by `hsb' on input line 1369.
Package xcolor Info: Model `Gray' substituted by `gray' on input line 1370.
Package xcolor Info: Model `wave' substituted by `hsb' on input line 1371.
)
\sphinxverbatimsep=\dimen113
\sphinxverbatimborder=\dimen114
\sphinxshadowsep=\dimen115
\sphinxshadowsize=\dimen116
\sphinxshadowrule=\dimen117
\spx@notice@border=\dimen118

(sphinxoptionshyperref.sty
File: sphinxoptionshyperref.sty 2021/01/27 hyperref
) (sphinxoptionsgeometry.sty
File: sphinxoptionsgeometry.sty 2021/01/27 geometry
)
("C:\Program Files\MiKTeX 2.9\tex/latex/base\textcomp.sty"
Package: textcomp 2018/08/11 v2.0j Standard LaTeX package
Package textcomp Info: Sub-encoding information:
(textcomp)               5 = only ISO-Adobe without \textcurrency
(textcomp)               4 = 5 + \texteuro
(textcomp)               3 = 4 + \textohm
(textcomp)               2 = 3 + \textestimated + \textcurrency
(textcomp)               1 = TS1 - \textcircled - \t
(textcomp)               0 = TS1 (full)
(textcomp)             Font families with sub-encoding setting implement
(textcomp)             only a restricted character set as indicated.
(textcomp)             Family '?' is the default used for unknown fonts.
(textcomp)             See the documentation for details.
Package textcomp Info: Setting ? sub-encoding to TS1/1 on input line 79.

("C:\Program Files\MiKTeX 2.9\tex/latex/base\ts1enc.def"
File: ts1enc.def 2001/06/05 v3.0e (jk/car/fm) Standard LaTeX file
Now handling font encoding TS1 ...
... processing UTF-8 mapping file for font encoding TS1

("C:\Program Files\MiKTeX 2.9\tex/latex/base\ts1enc.dfu"
File: ts1enc.dfu 2018/10/05 v1.2f UTF-8 support for inputenc
   defining Unicode char U+00A2 (decimal 162)
   defining Unicode char U+00A3 (decimal 163)
   defining Unicode char U+00A4 (decimal 164)
   defining Unicode char U+00A5 (decimal 165)
   defining Unicode char U+00A6 (decimal 166)
   defining Unicode char U+00A7 (decimal 167)
   defining Unicode char U+00A8 (decimal 168)
   defining Unicode char U+00A9 (decimal 169)
   defining Unicode char U+00AA (decimal 170)
   defining Unicode char U+00AC (decimal 172)
   defining Unicode char U+00AE (decimal 174)
   defining Unicode char U+00AF (decimal 175)
   defining Unicode char U+00B0 (decimal 176)
   defining Unicode char U+00B1 (decimal 177)
   defining Unicode char U+00B2 (decimal 178)
   defining Unicode char U+00B3 (decimal 179)
   defining Unicode char U+00B4 (decimal 180)
   defining Unicode char U+00B5 (decimal 181)
   defining Unicode char U+00B6 (decimal 182)
   defining Unicode char U+00B7 (decimal 183)
   defining Unicode char U+00B9 (decimal 185)
   defining Unicode char U+00BA (decimal 186)
   defining Unicode char U+00BC (decimal 188)
   defining Unicode char U+00BD (decimal 189)
   defining Unicode char U+00BE (decimal 190)
   defining Unicode char U+00D7 (decimal 215)
   defining Unicode char U+00F7 (decimal 247)
   defining Unicode char U+0192 (decimal 402)
   defining Unicode char U+02C7 (decimal 711)
   defining Unicode char U+02D8 (decimal 728)
   defining Unicode char U+02DD (decimal 733)
   defining Unicode char U+0E3F (decimal 3647)
   defining Unicode char U+2016 (decimal 8214)
   defining Unicode char U+2020 (decimal 8224)
   defining Unicode char U+2021 (decimal 8225)
   defining Unicode char U+2022 (decimal 8226)
   defining Unicode char U+2030 (decimal 8240)
   defining Unicode char U+2031 (decimal 8241)
   defining Unicode char U+203B (decimal 8251)
   defining Unicode char U+203D (decimal 8253)
   defining Unicode char U+2044 (decimal 8260)
   defining Unicode char U+204E (decimal 8270)
   defining Unicode char U+2052 (decimal 8274)
   defining Unicode char U+20A1 (decimal 8353)
   defining Unicode char U+20A4 (decimal 8356)
   defining Unicode char U+20A6 (decimal 8358)
   defining Unicode char U+20A9 (decimal 8361)
   defining Unicode char U+20AB (decimal 8363)
   defining Unicode char U+20AC (decimal 8364)
   defining Unicode char U+20B1 (decimal 8369)
   defining Unicode char U+2103 (decimal 8451)
   defining Unicode char U+2116 (decimal 8470)
   defining Unicode char U+2117 (decimal 8471)
   defining Unicode char U+211E (decimal 8478)
   defining Unicode char U+2120 (decimal 8480)
   defining Unicode char U+2122 (decimal 8482)
   defining Unicode char U+2126 (decimal 8486)
   defining Unicode char U+2127 (decimal 8487)
   defining Unicode char U+212E (decimal 8494)
   defining Unicode char U+2190 (decimal 8592)
   defining Unicode char U+2191 (decimal 8593)
   defining Unicode char U+2192 (decimal 8594)
   defining Unicode char U+2193 (decimal 8595)
   defining Unicode char U+2329 (decimal 9001)
   defining Unicode char U+232A (decimal 9002)
   defining Unicode char U+2422 (decimal 9250)
   defining Unicode char U+25E6 (decimal 9702)
   defining Unicode char U+25EF (decimal 9711)
   defining Unicode char U+266A (decimal 9834)
   defining Unicode char U+FEFF (decimal 65279)
))
LaTeX Info: Redefining \oldstylenums on input line 334.
Package textcomp Info: Setting cmr sub-encoding to TS1/0 on input line 349.
Package textcomp Info: Setting cmss sub-encoding to TS1/0 on input line 350.
Package textcomp Info: Setting cmtt sub-encoding to TS1/0 on input line 351.
Package textcomp Info: Setting cmvtt sub-encoding to TS1/0 on input line 352.
Package textcomp Info: Setting cmbr sub-encoding to TS1/0 on input line 353.
Package textcomp Info: Setting cmtl sub-encoding to TS1/0 on input line 354.
Package textcomp Info: Setting ccr sub-encoding to TS1/0 on input line 355.
Package textcomp Info: Setting ptm sub-encoding to TS1/4 on input line 356.
Package textcomp Info: Setting pcr sub-encoding to TS1/4 on input line 357.
Package textcomp Info: Setting phv sub-encoding to TS1/4 on input line 358.
Package textcomp Info: Setting ppl sub-encoding to TS1/3 on input line 359.
Package textcomp Info: Setting pag sub-encoding to TS1/4 on input line 360.
Package textcomp Info: Setting pbk sub-encoding to TS1/4 on input line 361.
Package textcomp Info: Setting pnc sub-encoding to TS1/4 on input line 362.
Package textcomp Info: Setting pzc sub-encoding to TS1/4 on input line 363.
Package textcomp Info: Setting bch sub-encoding to TS1/4 on input line 364.
Package textcomp Info: Setting put sub-encoding to TS1/5 on input line 365.
Package textcomp Info: Setting uag sub-encoding to TS1/5 on input line 366.
Package textcomp Info: Setting ugq sub-encoding to TS1/5 on input line 367.
Package textcomp Info: Setting ul8 sub-encoding to TS1/4 on input line 368.
Package textcomp Info: Setting ul9 sub-encoding to TS1/4 on input line 369.
Package textcomp Info: Setting augie sub-encoding to TS1/5 on input line 370.
Package textcomp Info: Setting dayrom sub-encoding to TS1/3 on input line 371.
Package textcomp Info: Setting dayroms sub-encoding to TS1/3 on input line 372.

Package textcomp Info: Setting pxr sub-encoding to TS1/0 on input line 373.
Package textcomp Info: Setting pxss sub-encoding to TS1/0 on input line 374.
Package textcomp Info: Setting pxtt sub-encoding to TS1/0 on input line 375.
Package textcomp Info: Setting txr sub-encoding to TS1/0 on input line 376.
Package textcomp Info: Setting txss sub-encoding to TS1/0 on input line 377.
Package textcomp Info: Setting txtt sub-encoding to TS1/0 on input line 378.
Package textcomp Info: Setting lmr sub-encoding to TS1/0 on input line 379.
Package textcomp Info: Setting lmdh sub-encoding to TS1/0 on input line 380.
Package textcomp Info: Setting lmss sub-encoding to TS1/0 on input line 381.
Package textcomp Info: Setting lmssq sub-encoding to TS1/0 on input line 382.
Package textcomp Info: Setting lmvtt sub-encoding to TS1/0 on input line 383.
Package textcomp Info: Setting lmtt sub-encoding to TS1/0 on input line 384.
Package textcomp Info: Setting qhv sub-encoding to TS1/0 on input line 385.
Package textcomp Info: Setting qag sub-encoding to TS1/0 on input line 386.
Package textcomp Info: Setting qbk sub-encoding to TS1/0 on input line 387.
Package textcomp Info: Setting qcr sub-encoding to TS1/0 on input line 388.
Package textcomp Info: Setting qcs sub-encoding to TS1/0 on input line 389.
Package textcomp Info: Setting qpl sub-encoding to TS1/0 on input line 390.
Package textcomp Info: Setting qtm sub-encoding to TS1/0 on input line 391.
Package textcomp Info: Setting qzc sub-encoding to TS1/0 on input line 392.
Package textcomp Info: Setting qhvc sub-encoding to TS1/0 on input line 393.
Package textcomp Info: Setting futs sub-encoding to TS1/4 on input line 394.
Package textcomp Info: Setting futx sub-encoding to TS1/4 on input line 395.
Package textcomp Info: Setting futj sub-encoding to TS1/4 on input line 396.
Package textcomp Info: Setting hlh sub-encoding to TS1/3 on input line 397.
Package textcomp Info: Setting hls sub-encoding to TS1/3 on input line 398.
Package textcomp Info: Setting hlst sub-encoding to TS1/3 on input line 399.
Package textcomp Info: Setting hlct sub-encoding to TS1/5 on input line 400.
Package textcomp Info: Setting hlx sub-encoding to TS1/5 on input line 401.
Package textcomp Info: Setting hlce sub-encoding to TS1/5 on input line 402.
Package textcomp Info: Setting hlcn sub-encoding to TS1/5 on input line 403.
Package textcomp Info: Setting hlcw sub-encoding to TS1/5 on input line 404.
Package textcomp Info: Setting hlcf sub-encoding to TS1/5 on input line 405.
Package textcomp Info: Setting pplx sub-encoding to TS1/3 on input line 406.
Package textcomp Info: Setting pplj sub-encoding to TS1/3 on input line 407.
Package textcomp Info: Setting ptmx sub-encoding to TS1/4 on input line 408.
Package textcomp Info: Setting ptmj sub-encoding to TS1/4 on input line 409.
)
("C:\Program Files\MiKTeX 2.9\tex/latex/float\float.sty"
Package: float 2001/11/08 v1.3d Float enhancements (AL)
\c@float@type=\count105
\float@exts=\toks22
\float@box=\box29
\@float@everytoks=\toks23
\@floatcapt=\box30
)
(C:\Users\bn261677\AppData\Roaming\MiKTeX\2.9\tex/latex/wrapfig\wrapfig.sty
\wrapoverhang=\dimen119
\WF@size=\dimen120
\c@WF@wrappedlines=\count106
\WF@box=\box31
\WF@everypar=\toks24
Package: wrapfig 2003/01/31  v 3.6
)
(C:\Users\bn261677\AppData\Roaming\MiKTeX\2.9\tex/latex/capt-of\capt-of.sty
Package: capt-of 2009/12/29 v0.2 standard captions outside of floats
)
("C:\Program Files\MiKTeX 2.9\tex/latex/tools\multicol.sty"
Package: multicol 2018/12/27 v1.8v multicolumn formatting (FMi)
\c@tracingmulticols=\count107
\mult@box=\box32
\multicol@leftmargin=\dimen121
\c@unbalance=\count108
\c@collectmore=\count109
\doublecol@number=\count110
\multicoltolerance=\count111
\multicolpretolerance=\count112
\full@width=\dimen122
\page@free=\dimen123
\premulticols=\dimen124
\postmulticols=\dimen125
\multicolsep=\skip53
\multicolbaselineskip=\skip54
\partial@page=\box33
\last@line=\box34
\maxbalancingoverflow=\dimen126
\mult@rightbox=\box35
\mult@grightbox=\box36
\mult@gfirstbox=\box37
\mult@firstbox=\box38
\@tempa=\box39
\@tempa=\box40
\@tempa=\box41
\@tempa=\box42
\@tempa=\box43
\@tempa=\box44
\@tempa=\box45
\@tempa=\box46
\@tempa=\box47
\@tempa=\box48
\@tempa=\box49
\@tempa=\box50
\@tempa=\box51
\@tempa=\box52
\@tempa=\box53
\@tempa=\box54
\@tempa=\box55
\c@columnbadness=\count113
\c@finalcolumnbadness=\count114
\last@try=\dimen127
\multicolovershoot=\dimen128
\multicolundershoot=\dimen129
\mult@nat@firstbox=\box56
\colbreak@box=\box57
\mc@col@check@num=\count115
)
("C:\Program Files\MiKTeX 2.9\tex/latex/graphics\graphicx.sty"
Package: graphicx 2017/06/01 v1.1a Enhanced LaTeX Graphics (DPC,SPQR)

("C:\Program Files\MiKTeX 2.9\tex/latex/graphics\graphics.sty"
Package: graphics 2017/06/25 v1.2c Standard LaTeX Graphics (DPC,SPQR)

("C:\Program Files\MiKTeX 2.9\tex/latex/graphics\trig.sty"
Package: trig 2016/01/03 v1.10 sin cos tan (DPC)
)
("C:\Program Files\MiKTeX 2.9\tex/latex/graphics-cfg\graphics.cfg"
File: graphics.cfg 2016/06/04 v1.11 sample graphics configuration
)
Package graphics Info: Driver file: pdftex.def on input line 99.
)
\Gin@req@height=\dimen130
\Gin@req@width=\dimen131
)
(sphinxlatexgraphics.sty
File: sphinxlatexgraphics.sty 2021/01/27 graphics
\spx@image@maxheight=\dimen132
\spx@image@box=\box58
) (sphinxlatexadmonitions.sty
File: sphinxlatexadmonitions.sty 2021/01/27 admonitions

(C:\Users\bn261677\AppData\Roaming\MiKTeX\2.9\tex/latex/framed\framed.sty
Package: framed 2011/10/22 v 0.96: framed or shaded text with page breaks
\OuterFrameSep=\skip55
\fb@frw=\dimen133
\fb@frh=\dimen134
\FrameRule=\dimen135
\FrameSep=\dimen136
))
(sphinxlatexliterals.sty
File: sphinxlatexliterals.sty 2021/12/06 code-blocks and parsed literals

(C:\Users\bn261677\AppData\Roaming\MiKTeX\2.9\tex/latex/fancyvrb\fancyvrb.sty
Package: fancyvrb 2022/06/06 4.5 verbatim text (tvz,hv)
\FV@CodeLineNo=\count116
\FV@InFile=\read1
\FV@TabBox=\box59
\c@FancyVerbLine=\count117
\FV@StepNumber=\count118
\FV@OutFile=\write3
)
("C:\Program Files\MiKTeX 2.9\tex/latex/base\alltt.sty"
Package: alltt 1997/06/16 v2.0g defines alltt environment
)
(C:\Users\bn261677\AppData\Roaming\MiKTeX\2.9\tex/latex/upquote\upquote.sty
Package: upquote 2012/04/19 v1.3 upright-quote and grave-accent glyphs in verba
tim
)
(C:\Users\bn261677\AppData\Roaming\MiKTeX\2.9\tex/latex/needspace\needspace.sty
Package: needspace 2010/09/12 v1.3d reserve vertical space
)
\sphinxcontinuationbox=\box60
\sphinxvisiblespacebox=\box61
\sphinxVerbatim@TitleBox=\box62
\sphinxVerbatim@ContentsBox=\box63
\spx@scratchbox=\box64
) (sphinxlatexshadowbox.sty
File: sphinxlatexshadowbox.sty 2021/01/27 sphinxShadowBox
) (sphinxlatexcontainers.sty
File: sphinxlatexcontainers.sty 2021/05/03 containers
) (sphinxhighlight.sty
Package: sphinxhighlight 2016/05/29 stylesheet for highlighting with pygments
) (sphinxlatextables.sty
File: sphinxlatextables.sty 2021/01/27 tables

(C:\Users\bn261677\AppData\Roaming\MiKTeX\2.9\tex/latex/tabulary\tabulary.sty
Package: tabulary 2014/06/11 v0.10 tabulary package (DPC)

("C:\Program Files\MiKTeX 2.9\tex/latex/tools\array.sty"
Package: array 2018/12/30 v2.4k Tabular extension package (FMi)
\col@sep=\dimen137
\ar@mcellbox=\box65
\extrarowheight=\dimen138
\NC@list=\toks25
\extratabsurround=\skip56
\backup@length=\skip57
\ar@cellbox=\box66
)
\TY@count=\count119
\TY@linewidth=\dimen139
\tymin=\dimen140
\tymax=\dimen141
\TY@tablewidth=\dimen142
)
("C:\Program Files\MiKTeX 2.9\tex/latex/tools\longtable.sty"
Package: longtable 2014/10/28 v4.11 Multi-page Table package (DPC)+ FMi change
\LTleft=\skip58
\LTright=\skip59
\LTpre=\skip60
\LTpost=\skip61
\LTchunksize=\count120
\LTcapwidth=\dimen143
\LT@head=\box67
\LT@firsthead=\box68
\LT@foot=\box69
\LT@lastfoot=\box70
\LT@cols=\count121
\LT@rows=\count122
\c@LT@tables=\count123
\c@LT@chunks=\count124
\LT@p@ftn=\toks26
)
(C:\Users\bn261677\AppData\Roaming\MiKTeX\2.9\tex/latex/varwidth\varwidth.sty
Package: varwidth 2009/03/30 ver 0.92;  Variable-width minipages
\@vwid@box=\box71
\sift@deathcycles=\count125
\@vwid@loff=\dimen144
\@vwid@roff=\dimen145
)
\sphinx@TY@tablewidth=\dimen146
) (sphinxlatexnumfig.sty
File: sphinxlatexnumfig.sty 2021/01/27 numbering
) (sphinxlatexlists.sty
File: sphinxlatexlists.sty 2021/12/20 lists
\spx@lineitemlabel=\toks27
)
\c@sphinxscope=\count126
 (sphinxpackagefootnote.sty
Package: sphinxpackagefootnote 2022/02/12 v4.5.0 Sphinx custom footnotehyper pa
ckage (Sphinx team)
\FNH@notes=\box72
\FNH@toks=\toks28
\FNH@width=\dimen147
\c@sphinxfootnotemark=\count127
)
(sphinxlatexindbibtoc.sty
File: sphinxlatexindbibtoc.sty 2021/01/27 index, bib., toc

("C:\Program Files\MiKTeX 2.9\tex/latex/base\makeidx.sty"
Package: makeidx 2014/09/29 v1.0m Standard LaTeX package
))
(sphinxlatexstylepage.sty
File: sphinxlatexstylepage.sty 2021/01/27 page styling

(C:\Users\bn261677\AppData\Roaming\MiKTeX\2.9\tex/latex/parskip\parskip.sty
Rollback for package 'parskip' requested -> version 'v1'.
         This corresponds to the release introduced on 2001-04-09.

(C:\Users\bn261677\AppData\Roaming\MiKTeX\2.9\tex/latex/parskip\parskip-2001-04
-09.sty
Package: parskip 2001/04/09 non-zero parskip adjustments
))
(C:\Users\bn261677\AppData\Roaming\MiKTeX\2.9\tex/latex/fancyhdr\fancyhdr.sty
Package: fancyhdr 2019/01/31 v3.10 Extensive control of page headers and footer
s
\f@nch@headwidth=\skip62
\f@nch@O@elh=\skip63
\f@nch@O@erh=\skip64
\f@nch@O@olh=\skip65
\f@nch@O@orh=\skip66
\f@nch@O@elf=\skip67
\f@nch@O@erf=\skip68
\f@nch@O@olf=\skip69
\f@nch@O@orf=\skip70
)) (sphinxlatexstyleheadings.sty
File: sphinxlatexstyleheadings.sty 2021/01/27 headings

(C:\Users\bn261677\AppData\Roaming\MiKTeX\2.9\tex/latex/titlesec\titlesec.sty
Package: titlesec 2021/07/05 v2.14 Sectioning titles
\ttl@box=\box73
\beforetitleunit=\skip71
\aftertitleunit=\skip72
\ttl@plus=\dimen148
\ttl@minus=\dimen149
\ttl@toksa=\toks29
\titlewidth=\dimen150
\titlewidthlast=\dimen151
\titlewidthfirst=\dimen152
)) (sphinxlatexstyletext.sty
File: sphinxlatexstyletext.sty 2021/12/06 text styling
) (sphinxlatexobjects.sty
File: sphinxlatexobjects.sty 2022/01/13 documentation environments
\sphinxsignaturesep=\skip73
\py@argswidth=\skip74
\lineblockindentation=\skip75
\DUlineblockindent=\skip76
))
("C:\Program Files\MiKTeX 2.9\tex/latex/geometry\geometry.sty"
Package: geometry 2018/04/16 v5.8 Page Geometry

("C:\Program Files\MiKTeX 2.9\tex/generic/oberdiek\ifpdf.sty"
Package: ifpdf 2018/09/07 v3.3 Provides the ifpdf switch
)
("C:\Program Files\MiKTeX 2.9\tex/generic/oberdiek\ifvtex.sty"
Package: ifvtex 2016/05/16 v1.6 Detect VTeX and its facilities (HO)
Package ifvtex Info: VTeX not detected.
)
("C:\Program Files\MiKTeX 2.9\tex/generic/ifxetex\ifxetex.sty"
Package: ifxetex 2010/09/12 v0.6 Provides ifxetex conditional
)
\Gm@cnth=\count128
\Gm@cntv=\count129
\c@Gm@tempcnt=\count130
\Gm@bindingoffset=\dimen153
\Gm@wd@mp=\dimen154
\Gm@odd@mp=\dimen155
\Gm@even@mp=\dimen156
\Gm@layoutwidth=\dimen157
\Gm@layoutheight=\dimen158
\Gm@layouthoffset=\dimen159
\Gm@layoutvoffset=\dimen160
\Gm@dimlist=\toks30

("C:\Program Files\MiKTeX 2.9\tex/latex/geometry\geometry.cfg"))
("C:\Program Files\MiKTeX 2.9\tex/latex/hyperref\hyperref.sty"
Package: hyperref 2018/11/30 v6.88e Hypertext links for LaTeX

("C:\Program Files\MiKTeX 2.9\tex/generic/oberdiek\hobsub-hyperref.sty"
Package: hobsub-hyperref 2016/05/16 v1.14 Bundle oberdiek, subset hyperref (HO)


("C:\Program Files\MiKTeX 2.9\tex/generic/oberdiek\hobsub-generic.sty"
Package: hobsub-generic 2016/05/16 v1.14 Bundle oberdiek, subset generic (HO)
Package: hobsub 2016/05/16 v1.14 Construct package bundles (HO)
Package hobsub Info: Skipping package `infwarerr' (already loaded).
Package hobsub Info: Skipping package `ltxcmds' (already loaded).
Package hobsub Info: Skipping package `ifluatex' (already loaded).
Package hobsub Info: Skipping package `ifvtex' (already loaded).
Package: intcalc 2016/05/16 v1.2 Expandable calculations with integers (HO)
Package hobsub Info: Skipping package `ifpdf' (already loaded).
Package hobsub Info: Skipping package `etexcmds' (already loaded).
Package hobsub Info: Skipping package `kvsetkeys' (already loaded).
Package: kvdefinekeys 2016/05/16 v1.4 Define keys (HO)
Package: pdftexcmds 2018/09/10 v0.29 Utility functions of pdfTeX for LuaTeX (HO
)
Package pdftexcmds Info: LuaTeX not detected.
Package pdftexcmds Info: \pdf@primitive is available.
Package pdftexcmds Info: \pdf@ifprimitive is available.
Package pdftexcmds Info: \pdfdraftmode found.
Package: pdfescape 2016/05/16 v1.14 Implements pdfTeX's escape features (HO)
Package: bigintcalc 2016/05/16 v1.4 Expandable calculations on big integers (HO
)
Package: bitset 2016/05/16 v1.2 Handle bit-vector datatype (HO)
Package: uniquecounter 2016/05/16 v1.3 Provide unlimited unique counter (HO)
)
Package hobsub Info: Skipping package `hobsub' (already loaded).
Package: letltxmacro 2016/05/16 v1.5 Let assignment for LaTeX macros (HO)
Package: hopatch 2016/05/16 v1.3 Wrapper for package hooks (HO)
Package: xcolor-patch 2016/05/16 xcolor patch
Package: atveryend 2016/05/16 v1.9 Hooks at the very end of document (HO)
Package atveryend Info: \enddocument detected (standard20110627).
Package: atbegshi 2016/06/09 v1.18 At begin shipout hook (HO)
Package: refcount 2016/05/16 v3.5 Data extraction from label references (HO)
Package: hycolor 2016/05/16 v1.8 Color options for hyperref/bookmark (HO)
)
("C:\Program Files\MiKTeX 2.9\tex/latex/oberdiek\auxhook.sty"
Package: auxhook 2016/05/16 v1.4 Hooks for auxiliary files (HO)
)
\@linkdim=\dimen161
\Hy@linkcounter=\count131
\Hy@pagecounter=\count132

("C:\Program Files\MiKTeX 2.9\tex/latex/hyperref\pd1enc.def"
File: pd1enc.def 2018/11/30 v6.88e Hyperref: PDFDocEncoding definition (HO)
Now handling font encoding PD1 ...
... no UTF-8 mapping file for font encoding PD1
)
\Hy@SavedSpaceFactor=\count133

("C:\Program Files\MiKTeX 2.9\tex/latex/00miktex\hyperref.cfg"
File: hyperref.cfg 2002/06/06 v1.2 hyperref configuration of TeXLive
)
Package hyperref Info: Option `unicode' set `true' on input line 4393.

("C:\Program Files\MiKTeX 2.9\tex/latex/hyperref\puenc.def"
File: puenc.def 2018/11/30 v6.88e Hyperref: PDF Unicode definition (HO)
Now handling font encoding PU ...
... no UTF-8 mapping file for font encoding PU
)
Package hyperref Info: Option `colorlinks' set `true' on input line 4393.
Package hyperref Info: Option `breaklinks' set `true' on input line 4393.
Package hyperref Info: Hyper figures OFF on input line 4519.
Package hyperref Info: Link nesting OFF on input line 4524.
Package hyperref Info: Hyper index ON on input line 4527.
Package hyperref Info: Plain pages OFF on input line 4534.
Package hyperref Info: Backreferencing OFF on input line 4539.
Package hyperref Info: Implicit mode ON; LaTeX internals redefined.
Package hyperref Info: Bookmarks ON on input line 4772.
\c@Hy@tempcnt=\count134

(C:\Users\bn261677\AppData\Roaming\MiKTeX\2.9\tex/latex/url\url.sty
\Urlmuskip=\muskip11
Package: url 2013/09/16  ver 3.4  Verb mode for urls, etc.
)
LaTeX Info: Redefining \url on input line 5125.
\XeTeXLinkMargin=\dimen162
\Fld@menulength=\count135
\Field@Width=\dimen163
\Fld@charsize=\dimen164
Package hyperref Info: Hyper figures OFF on input line 6380.
Package hyperref Info: Link nesting OFF on input line 6385.
Package hyperref Info: Hyper index ON on input line 6388.
Package hyperref Info: backreferencing OFF on input line 6395.
Package hyperref Info: Link coloring ON on input line 6398.
Package hyperref Info: Link coloring with OCG OFF on input line 6405.
Package hyperref Info: PDF/A mode OFF on input line 6410.
LaTeX Info: Redefining \ref on input line 6450.
LaTeX Info: Redefining \pageref on input line 6454.
\Hy@abspage=\count136
\c@Item=\count137
\c@Hfootnote=\count138
)
Package hyperref Info: Driver (autodetected): hpdftex.

("C:\Program Files\MiKTeX 2.9\tex/latex/hyperref\hpdftex.def"
File: hpdftex.def 2018/11/30 v6.88e Hyperref driver for pdfTeX
\Fld@listcount=\count139
\c@bookmark@seq@number=\count140

("C:\Program Files\MiKTeX 2.9\tex/latex/oberdiek\rerunfilecheck.sty"
Package: rerunfilecheck 2016/05/16 v1.8 Rerun checks for auxiliary files (HO)
Package uniquecounter Info: New unique counter `rerunfilecheck' on input line 2
82.
)
\Hy@SectionHShift=\skip77
)
("C:\Program Files\MiKTeX 2.9\tex/latex/oberdiek\hypcap.sty"
Package: hypcap 2016/05/16 v1.12 Adjusting the anchors of captions (HO)
)
(sphinxmessages.sty
Package: sphinxmessages 2019/01/04 v2.0 Localized LaTeX macros (Sphinx team)
)
\@indexfile=\write4
\openout4 = `tamos.idx'.


Writing index file tamos.idx
(tamos.aux)
\openout1 = `tamos.aux'.

LaTeX Font Info:    Checking defaults for OML/cmm/m/it on input line 69.
LaTeX Font Info:    ... okay on input line 69.
LaTeX Font Info:    Checking defaults for T1/cmr/m/n on input line 69.
LaTeX Font Info:    ... okay on input line 69.
LaTeX Font Info:    Checking defaults for OT1/cmr/m/n on input line 69.
LaTeX Font Info:    ... okay on input line 69.
LaTeX Font Info:    Checking defaults for OMS/cmsy/m/n on input line 69.
LaTeX Font Info:    ... okay on input line 69.
LaTeX Font Info:    Checking defaults for OMX/cmex/m/n on input line 69.
LaTeX Font Info:    ... okay on input line 69.
LaTeX Font Info:    Checking defaults for U/cmr/m/n on input line 69.
LaTeX Font Info:    ... okay on input line 69.
LaTeX Font Info:    Checking defaults for TS1/cmr/m/n on input line 69.
LaTeX Font Info:    Try loading font information for TS1+cmr on input line 69.
 ("C:\Program Files\MiKTeX 2.9\tex/latex/base\ts1cmr.fd"
File: ts1cmr.fd 2014/09/29 v2.5h Standard LaTeX font definitions
)
LaTeX Font Info:    ... okay on input line 69.
LaTeX Font Info:    Checking defaults for PD1/pdf/m/n on input line 69.
LaTeX Font Info:    ... okay on input line 69.
LaTeX Font Info:    Checking defaults for PU/pdf/m/n on input line 69.
LaTeX Font Info:    ... okay on input line 69.
LaTeX Font Info:    Try loading font information for T1+qtm on input line 69.

(C:\Users\bn261677\AppData\Roaming\MiKTeX\2.9\tex/latex/tex-gyre\t1qtm.fd
File: t1qtm.fd 2009/09/25 v1.2 font definition file for T1/qtm
)
(C:\Users\bn261677\AppData\Roaming\MiKTeX\2.9\tex/context/base/mkii\supp-pdf.mk
ii
[Loading MPS to PDF converter (version 2006.09.02).]
\scratchcounter=\count141
\scratchdimen=\dimen165
\scratchbox=\box74
\nofMPsegments=\count142
\nofMParguments=\count143
\everyMPshowfont=\toks31
\MPscratchCnt=\count144
\MPscratchDim=\dimen166
\MPnumerator=\count145
\makeMPintoPDFobject=\count146
\everyMPtoPDFconversion=\toks32
) ("C:\Program Files\MiKTeX 2.9\tex/latex/oberdiek\epstopdf-base.sty"
Package: epstopdf-base 2016/05/15 v2.6 Base part for package epstopdf

("C:\Program Files\MiKTeX 2.9\tex/latex/oberdiek\grfext.sty"
Package: grfext 2016/05/16 v1.2 Manage graphics extensions (HO)
)
Package epstopdf-base Info: Redefining graphics rule for `.eps' on input line 4
38.
Package grfext Info: Graphics extension search list:
(grfext)             [.pdf,.png,.jpg,.mps,.jpeg,.jbig2,.jb2,.PDF,.PNG,.JPG,.JPE
G,.JBIG2,.JB2,.eps]
(grfext)             \AppendGraphicsExtensions on input line 456.
)
\c@literalblock=\count147

*geometry* driver: auto-detecting
*geometry* detected driver: pdftex
*geometry* verbose mode - [ preamble ] result:
* driver: pdftex
* paper: letterpaper
* layout: <same size as paper>
* layoutoffset:(h,v)=(0.0pt,0.0pt)
* modes: twoside 
* h-part:(L,W,R)=(72.26999pt, 469.75502pt, 72.26999pt)
* v-part:(T,H,B)=(72.26999pt, 650.43001pt, 72.26999pt)
* \paperwidth=614.295pt
* \paperheight=794.96999pt
* \textwidth=469.75502pt
* \textheight=650.43001pt
* \oddsidemargin=0.0pt
* \evensidemargin=0.0pt
* \topmargin=-37.0pt
* \headheight=12.0pt
* \headsep=25.0pt
* \topskip=10.0pt
* \footskip=30.0pt
* \marginparwidth=36.135pt
* \marginparsep=11.0pt
* \columnsep=10.0pt
* \skip\footins=9.0pt plus 4.0pt minus 2.0pt
* \hoffset=0.0pt
* \voffset=0.0pt
* \mag=1000
* \@twocolumnfalse
* \@twosidetrue
* \@mparswitchtrue
* \@reversemarginfalse
* (1in=72.27pt=25.4mm, 1cm=28.453pt)

\AtBeginShipoutBox=\box75
Package hyperref Info: Link coloring ON on input line 69.
("C:\Program Files\MiKTeX 2.9\tex/latex/hyperref\nameref.sty"
Package: nameref 2016/05/21 v2.44 Cross-referencing by name of section

("C:\Program Files\MiKTeX 2.9\tex/generic/oberdiek\gettitlestring.sty"
Package: gettitlestring 2016/05/16 v1.5 Cleanup title references (HO)
)
\c@section@level=\count148
)
LaTeX Info: Redefining \ref on input line 69.
LaTeX Info: Redefining \pageref on input line 69.
LaTeX Info: Redefining \nameref on input line 69.

(tamos.out) (tamos.out)
\@outlinefile=\write5
\openout5 = `tamos.out'.

Package hyperref Info: Option `pageanchor' set `false' on input line 77.
LaTeX Font Info:    Try loading font information for T1+qhv on input line 77.

(C:\Users\bn261677\AppData\Roaming\MiKTeX\2.9\tex/latex/tex-gyre\t1qhv.fd
File: t1qhv.fd 2009/09/25 v1.2 font definition file for T1/qhv
)<<ot1.cmap>><<oml.cmap>><<oms.cmap>><<omx.cmap>>
LaTeX Font Info:    Try loading font information for U+msa on input line 77.

("C:\Program Files\MiKTeX 2.9\tex/latex/amsfonts\umsa.fd"
File: umsa.fd 2013/01/14 v3.01 AMS symbols A
)
LaTeX Font Info:    Try loading font information for U+msb on input line 77.

("C:\Program Files\MiKTeX 2.9\tex/latex/amsfonts\umsb.fd"
File: umsb.fd 2013/01/14 v3.01 AMS symbols B
) [1

{C:/Users/bn261677/AppData/Local/MiKTeX/2.9/pdftex/config/pdftex.map}] [2


] (tamos.toc [1

])
\tf@toc=\write6
\openout6 = `tamos.toc'.


[2]
Chapter 1.
LaTeX Font Info:    Try loading font information for T1+txtt on input line 116.

(C:\Users\bn261677\AppData\Roaming\MiKTeX\2.9\tex/latex/txfonts\t1txtt.fd
File: t1txtt.fd 2000/12/15 v3.1
)
LaTeX Font Info:    Font shape `T1/txtt/m/it' in size <10> not available
(Font)              Font shape `T1/txtt/m/sl' tried instead on input line 116.
LaTeX Font Info:    Font shape `T1/txtt/b/n' in size <10> not available
(Font)              Font shape `T1/txtt/bx/n' tried instead on input line 129.
LaTeX Font Info:    Try loading font information for TS1+qtm on input line 144.


(C:\Users\bn261677\AppData\Roaming\MiKTeX\2.9\tex/latex/tex-gyre\ts1qtm.fd
File: ts1qtm.fd 2009/09/25 v1.2 font definition file for TS1/qtm
)
Underfull \hbox (badness 10000) in paragraph at lines 149--151
[]\T1/txtt/bx/n/10 components \T1/qtm/m/n/10 (\T1/txtt/m/sl/10 list of storage,
 production or element_IO instances,
 []


Underfull \hbox (badness 10000) in paragraph at lines 153--157
[]\T1/txtt/bx/n/10 components_assemblies \T1/qtm/m/n/10 (\T1/txtt/m/sl/10 list 
of 3[]tuple objects (n_min, n_max,
 []


! LaTeX Error: Too deeply nested.

See the LaTeX manual or LaTeX Companion for explanation.
Type  H <return>  for immediate help.
 ...                                              
                                                  
l.162 \item {} \begin{description}
                                  
You're in trouble here.  Try typing  <return>  to proceed.
If that doesn't work, type  X <return>  to quit.

[1


]
Underfull \hbox (badness 10000) in paragraph at lines 319--321
[]\T1/txtt/bx/n/10 components \T1/qtm/m/n/10 (\T1/txtt/m/sl/10 instance or list
 of instances of production, storage
 []

[2]
Underfull \hbox (badness 5622) in paragraph at lines 353--355
[]\T1/txtt/bx/n/10 interface_masks \T1/qtm/m/n/10 (\T1/txtt/m/sl/10 instance or
 list of instances of InterfaceMask.\T1/qtm/m/n/10 )
 []

[3] [4] [5] [6] [7] [8]
LaTeX Font Info:    Try loading font information for TS1+txtt on input line 1.

(C:\Users\bn261677\AppData\Roaming\MiKTeX\2.9\tex/latex/txfonts\ts1txtt.fd
File: ts1txtt.fd 2000/12/15 v3.1
)
LaTeX Font Info:    Font shape `TS1/txtt/m/it' in size <10> not available
(Font)              Font shape `TS1/txtt/m/sl' tried instead on input line 1.

[9] [10] [11] [12

]
Chapter 2.

Underfull \hbox (badness 10000) in paragraph at lines 1526--1526
[]|[][]\T1/txtt/m/sl/10 tamos.element.ThermalVector[][]\T1/qtm/m/n/10 (temperat
ure[,
 []


Underfull \hbox (badness 10000) in paragraph at lines 1526--1526
[]|[][]\T1/txtt/m/sl/10 tamos.element.ThermalVector[][]\T1/qtm/m/n/10 (temperat
ure[,
 []

[13] [14] [15]
Underfull \hbox (badness 5985) in paragraph at lines 1927--1932
[]\T1/qtm/m/n/10 The dead state tem-per-a-ture is the ref-er-ence tem-per-a-tur
e for cal-cu-la-tion of ex-ergy fac-
 []


Underfull \hbox (badness 5245) in paragraph at lines 1927--1932
\T1/qtm/m/n/10 tor of Ther-malVec-tor-Pair and Ther-malVec-tor in-stances. It c
an be mod-i-fied us-ing the
 []

[16]
Underfull \hbox (badness 10000) in paragraph at lines 2107--2107
[]|[][]\T1/txtt/m/sl/10 tamos.element.fetch_TVP[][]\T1/qtm/m/n/10 (in_TV, out_T
V[, Cp,
 []


Overfull \hbox (2.08687pt too wide) in paragraph at lines 2107--2107
[]|[][]\T1/txtt/m/sl/10 tamos.element.set_dead_state_temperature[][]\T1/qtm/m/n
/10 (...)| 
 []


Underfull \hbox (badness 10000) in paragraph at lines 2107--2107
[]|[][]\T1/txtt/m/sl/10 tamos.element.fetch_TVP[][]\T1/qtm/m/n/10 (in_TV, out_T
V[, Cp,
 []


Overfull \hbox (2.08687pt too wide) in paragraph at lines 2107--2107
[]|[][]\T1/txtt/m/sl/10 tamos.element.set_dead_state_temperature[][]\T1/qtm/m/n
/10 (...)| 
 []

[17]
Underfull \hbox (badness 5954) in paragraph at lines 2253--2258
\T1/qtm/m/it/10 ex-ergy_factor \T1/qtm/m/n/10 of Ther-malVec-tor and Ther-malVe
c-tor-Pair in-stances. It can be mod-i-fied us-ing the
 []

[18] [19] [20

]
Chapter 3.

Underfull \hbox (badness 10000) in paragraph at lines 2387--2387
[]|[][]\T1/txtt/m/sl/10 tamos.production.ElementConverter[][]\T1/qtm/m/n/10 (el
ement_1,
 []


Underfull \hbox (badness 10000) in paragraph at lines 2387--2387
[]|[][]\T1/txtt/m/sl/10 tamos.production.ElementConverter[][]\T1/qtm/m/n/10 (el
ement_1,
 []

[21] [22]
Underfull \hbox (badness 10000) in paragraph at lines 2573--2573
[]|[][]\T1/txtt/m/sl/10 set_efficiency_model[][]\T1/qtm/m/n/10 (source_pinch,
 []


Underfull \hbox (badness 10000) in paragraph at lines 2573--2573
[]|[][]\T1/txtt/m/sl/10 set_efficiency_model[][]\T1/qtm/m/n/10 (source_pinch,
 []

[23]
Underfull \hbox (badness 5985) in paragraph at lines 2858--2863
\T1/qtm/m/n/10 cost of the com-po-nent. If costs prop-er-ties are typ-i-cal val
-ues for a heat pump use, set
 []


Underfull \hbox (badness 5832) in paragraph at lines 2858--2863
\T1/qtm/m/it/10 HP.ref_production=HP.energy_sink\T1/qtm/m/n/10 . If the costs p
rop-er-ties are given for a chiller use, set
 []

[24]
Underfull \hbox (badness 10000) in paragraph at lines 2912--2913
[]\T1/txtt/bx/n/10 model_kwargs \T1/qtm/m/n/10 (\T1/txtt/m/sl/10 keyword argume
nts passed to the COP calculation
 []

[25] [26]
Underfull \hbox (badness 10000) in paragraph at lines 3171--3171
[]|[][]\T1/txtt/m/sl/10 set_efficiency_model[][]\T1/qtm/m/n/10 (efficiency_func
tion,
 []


Underfull \hbox (badness 10000) in paragraph at lines 3171--3171
[]|[][]\T1/txtt/m/sl/10 set_efficiency_model[][]\T1/qtm/m/n/10 (efficiency_func
tion,
 []

[27] [28] [29] [30] [31]
Underfull \hbox (badness 10000) in paragraph at lines 3891--3899
\T1/qtm/m/n/10 [ex-per-i-men-tal] De-fines ex-plic-itly the heat ef-fi-ciency o
f the CHP. Only for modes `Back-
 []


Underfull \hbox (badness 10000) in paragraph at lines 3971--3973
[]\T1/txtt/bx/n/10 classes. \T1/qtm/m/n/10 (\T1/txtt/m/sl/10 See method set_eff
iciency_model of GasBoiler and
 []

[32] [33] [34]
Underfull \hbox (badness 10000) in paragraph at lines 4244--4246
[]\T1/txtt/bx/n/10 range_T_H_O \T1/qtm/m/n/10 (\T1/txtt/m/sl/10 list[]like, opt
ional, default range(5+273, 71+273,
 []


Underfull \hbox (badness 10000) in paragraph at lines 4248--4250
[]\T1/txtt/bx/n/10 range_T_C_O \T1/qtm/m/n/10 (\T1/txtt/m/sl/10 list[]like, opt
ional, default range(0+273, 26+273,
 []


Underfull \hbox (badness 10000) in paragraph at lines 4252--4255
[]\T1/txtt/bx/n/10 range_T_G_I \T1/qtm/m/n/10 (\T1/txtt/m/sl/10 list[]like, opt
ional, default range(90+273, 130+273,
 []


Underfull \hbox (badness 10000) in paragraph at lines 4257--4259
[]\T1/txtt/bx/n/10 celsius \T1/qtm/m/n/10 (\T1/txtt/m/sl/10 bool, optional, def
ault False\T1/qtm/m/n/10 )  If True, ar-gu-ments
 []

[35] [36]
Underfull \hbox (badness 10000) in paragraph at lines 4455--4455
[]|[][]\T1/txtt/m/sl/10 set_efficiency_model[][]\T1/qtm/m/n/10 (source_pinch,
 []


Underfull \hbox (badness 10000) in paragraph at lines 4455--4455
[]|[][]\T1/txtt/m/sl/10 set_efficiency_model[][]\T1/qtm/m/n/10 (source_pinch,
 []

[37]
Underfull \hbox (badness 5985) in paragraph at lines 4733--4738
\T1/qtm/m/n/10 cost of the com-po-nent. If costs prop-er-ties are typ-i-cal val
-ues for a heat pump use, set
 []


Underfull \hbox (badness 5832) in paragraph at lines 4733--4738
\T1/qtm/m/it/10 HP.ref_production=HP.energy_sink\T1/qtm/m/n/10 . If the costs p
rop-er-ties are given for a chiller use, set
 []

[38]
Underfull \hbox (badness 10000) in paragraph at lines 4787--4788
[]\T1/txtt/bx/n/10 model_kwargs \T1/qtm/m/n/10 (\T1/txtt/m/sl/10 keyword argume
nts passed to the COP calculation
 []

[39]
Underfull \hbox (badness 10000) in paragraph at lines 4983--4985
[]\T1/txtt/bx/n/10 efficiency \T1/qtm/m/n/10 (\T1/txtt/m/sl/10 int, float or nu
mpy.ndarray, optional, default 1/0.
 []

[40] [41] [42] [43] [44]
Underfull \hbox (badness 10000) in paragraph at lines 5516--5516
[]|[][]\T1/txtt/m/sl/10 set_efficiency_model[][]\T1/qtm/m/n/10 (efficiency_func
tion,
 []


Underfull \hbox (badness 10000) in paragraph at lines 5516--5516
[]|[][]\T1/txtt/m/sl/10 set_efficiency_model[][]\T1/qtm/m/n/10 (efficiency_func
tion,
 []

[45] [46]
Underfull \hbox (badness 10000) in paragraph at lines 5863--5865
[]\T1/txtt/bx/n/10 element_1 \T1/qtm/m/n/10 ([][]\T1/txtt/m/n/10 ElectricityVec
tor[][]\T1/txtt/m/sl/10 , [][]\T1/txtt/m/n/10 FuelVector[][]\T1/txtt/m/sl/10 , 
ThermalVectorPair,
 []


Underfull \hbox (badness 10000) in paragraph at lines 5867--5869
[]\T1/txtt/bx/n/10 element_2 \T1/qtm/m/n/10 ([][]\T1/txtt/m/n/10 ElectricityVec
tor[][]\T1/txtt/m/sl/10 , [][]\T1/txtt/m/n/10 FuelVector[][]\T1/txtt/m/sl/10 , 
ThermalVectorPair,
 []

[47] [48] [49] [50] [51] [52] [53]
Underfull \hbox (badness 10000) in paragraph at lines 6901--6901
[]|[][]\T1/txtt/m/sl/10 set_efficiency_model[][]\T1/qtm/m/n/10 (efficiency_func
tion,
 []


Underfull \hbox (badness 10000) in paragraph at lines 6901--6901
[]|[][]\T1/txtt/m/sl/10 set_efficiency_model[][]\T1/qtm/m/n/10 (efficiency_func
tion,
 []

[54] [55] [56] [57] [58] [59]
Underfull \hbox (badness 10000) in paragraph at lines 7762--7764
[]\T1/txtt/bx/n/10 pump_consumption \T1/qtm/m/n/10 (\T1/txtt/m/sl/10 int, float
 or numpy.ndarray, optional, default
 []

[60] [61] [62]
Chapter 4.
[63

] [64] [65] [66] [67] [68]
Chapter 5.
[69

] [70]
Underfull \hbox (badness 10000) in paragraph at lines 9229--9231
[]\T1/txtt/bx/n/10 element \T1/qtm/m/n/10 ([][]\T1/txtt/m/n/10 ElectricityVecto
r[][]\T1/txtt/m/sl/10 , [][]\T1/txtt/m/n/10 FuelVector[][]\T1/txtt/m/sl/10 , []
[]\T1/txtt/m/n/10 ThermalVector[][] \T1/txtt/m/sl/10 or
 []

[71] [72]
Underfull \hbox (badness 10000) in paragraph at lines 9599--9601
[]\T1/txtt/bx/n/10 element \T1/qtm/m/n/10 ([][]\T1/txtt/m/n/10 ElectricityVecto
r[][]\T1/txtt/m/sl/10 , [][]\T1/txtt/m/n/10 FuelVector[][]\T1/txtt/m/sl/10 , []
[]\T1/txtt/m/n/10 ThermalVector[][] \T1/txtt/m/sl/10 or
 []

[73] [74] [75] [76]
Chapter 6.

Underfull \hbox (badness 10000) in paragraph at lines 9989--9989
[]|[][]\T1/txtt/m/sl/10 tamos.network.ThermalNetwork[][]\T1/qtm/m/n/10 (hubs_lo
cations,
 []


Underfull \hbox (badness 10000) in paragraph at lines 9989--9989
[]|[][]\T1/txtt/m/sl/10 tamos.network.ThermalNetwork[][]\T1/qtm/m/n/10 (hubs_lo
cations,
 []

[77

] [78] [79] [80] [81] [82] [83] [84] [85] [86] [87] [88] [89] [90] [91]
Underfull \hbox (badness 10000) in paragraph at lines 11950--11957
[]\T1/txtt/bx/n/10 losses_direction \T1/qtm/m/n/10 (\T1/txtt/m/sl/10 {\TS1/txtt
/m/sl/10 '\T1/txtt/m/sl/10 Both\TS1/txtt/m/sl/10 '\T1/txtt/m/sl/10 , \TS1/txtt/
m/sl/10 '\T1/txtt/m/sl/10 Heat losses\TS1/txtt/m/sl/10 '\T1/txtt/m/sl/10 , \TS1
/txtt/m/sl/10 '\T1/txtt/m/sl/10 Heat gains\TS1/txtt/m/sl/10 '\T1/txtt/m/sl/10 }
, optional,
 []

[92] [93] [94] [95] [96] [97] [98] [99] [100]
Underfull \hbox (badness 10000) in paragraph at lines 13128--13135
[]\T1/txtt/bx/n/10 losses_direction \T1/qtm/m/n/10 (\T1/txtt/m/sl/10 {\TS1/txtt
/m/sl/10 '\T1/txtt/m/sl/10 Both\TS1/txtt/m/sl/10 '\T1/txtt/m/sl/10 , \TS1/txtt/
m/sl/10 '\T1/txtt/m/sl/10 Heat losses\TS1/txtt/m/sl/10 '\T1/txtt/m/sl/10 , \TS1
/txtt/m/sl/10 '\T1/txtt/m/sl/10 Heat gains\TS1/txtt/m/sl/10 '\T1/txtt/m/sl/10 }
, optional,
 []

[101]
Underfull \hbox (badness 10000) in paragraph at lines 13326--13328
[]\T1/txtt/bx/n/10 distance_function \T1/qtm/m/n/10 (\T1/txtt/m/sl/10 callable,
 f(u, v), that meets the following
 []

[102]
Chapter 7.
[103

] [104] [105] [106]
Chapter 8.

Underfull \hbox (badness 10000) in paragraph at lines 13792--13792
[]|[][]\T1/txtt/m/sl/10 tamos.data_IO.ResultsBatch[][]\T1/qtm/m/n/10 (working_d
ir[,
 []


Underfull \hbox (badness 10000) in paragraph at lines 13792--13792
[]|[][]\T1/txtt/m/sl/10 tamos.data_IO.ResultsBatch[][]\T1/qtm/m/n/10 (working_d
ir[,
 []

[107

]
Underfull \hbox (badness 6236) in paragraph at lines 13987--13987
[]|\T1/qtm/m/n/10 Writes im-por-tant in-for-ma-tion about the solved
 []


Underfull \hbox (badness 6236) in paragraph at lines 13987--13987
[]|\T1/qtm/m/n/10 Writes im-por-tant in-for-ma-tion about the solved
 []

[108] [109] [110]
Underfull \hbox (badness 10000) in paragraph at lines 14407--14407
[]|[][]\T1/txtt/m/sl/10 remove_descriptors[][]\T1/qtm/m/n/10 (descriptors[,
 []


Underfull \hbox (badness 10000) in paragraph at lines 14407--14407
[]|[][]\T1/txtt/m/sl/10 remove_descriptors[][]\T1/qtm/m/n/10 (descriptors[,
 []

[111]
Underfull \hbox (badness 10000) in paragraph at lines 14480--14483
[]\T1/txtt/bx/n/10 keep_unknown_file_descriptor \T1/qtm/m/n/10 (\T1/txtt/m/sl/1
0 bool, optional, default True\T1/qtm/m/n/10 )  If
 []

[112] [113] [114] [115] [116]
Chapter 9.

Underfull \hbox (badness 10000) in paragraph at lines 14977--14977
[]|[][]\T1/txtt/m/sl/10 tamos.solve_tools.AdvSolve[][]\T1/qtm/m/n/10 (MILPModel
, ...[,
 []


Underfull \hbox (badness 10000) in paragraph at lines 14977--14977
[]|[][]\T1/txtt/m/sl/10 tamos.solve_tools.AdvSolve[][]\T1/qtm/m/n/10 (MILPModel
, ...[,
 []

[117

]
Underfull \hbox (badness 10000) in paragraph at lines 15124--15124
[]|[][]\T1/txtt/m/sl/10 __init__[][]\T1/qtm/m/n/10 (MILPModel, work-ing_dir[,
 []


Underfull \hbox (badness 10000) in paragraph at lines 15124--15124
[]|[][]\T1/txtt/m/sl/10 __init__[][]\T1/qtm/m/n/10 (MILPModel, work-ing_dir[,
 []

[118] [119] [120

]
Chapter 10.
[121] [122]
Chapter 11.
No file tamos.ind.
Package atveryend Info: Empty hook `BeforeClearDocument' on input line 15449.
[123

]
Package atveryend Info: Empty hook `AfterLastShipout' on input line 15449.
 (tamos.aux)
Package atveryend Info: Executing hook `AtVeryEndDocument' on input line 15449.

Package atveryend Info: Executing hook `AtEndAfterFileList' on input line 15449
.
Package rerunfilecheck Info: File `tamos.out' has not changed.
(rerunfilecheck)             Checksum: 0F53A1EC563E7869F8BA6F5A0553FA58;10710.
Package atveryend Info: Empty hook `AtVeryVeryEnd' on input line 15449.
 ) 
Here is how much of TeX's memory you used:
 14926 strings out of 492945
 237975 string characters out of 3135503
 325487 words of memory out of 3000000
 17842 multiletter control sequences out of 15000+200000
 76047 words of font info for 78 fonts, out of 3000000 for 9000
 1142 hyphenation exceptions out of 8191
 37i,11n,48p,884b,754s stack positions out of 5000i,500n,10000p,200000b,50000s
{C:/Users/bn261677/AppData/Roaming/MiKTeX/2.9/fonts/enc/dvips/tex-gyre/q-ts1.
enc}{C:/Program Files/MiKTeX 2.9/fonts/enc/dvips/base/8r.enc}{C:/Users/bn261677
/AppData/Roaming/MiKTeX/2.9/fonts/enc/dvips/tex-gyre/q-ec.enc}<C:/Program Files
/MiKTeX 2.9/fonts/type1/public/amsfonts/cm/cmmi5.pfb><C:/Program Files/MiKTeX 2
.9/fonts/type1/public/amsfonts/cm/cmsy5.pfb><C:/Users/bn261677/AppData/Roaming/
MiKTeX/2.9/fonts/type1/public/tex-gyre/qhvb.pfb><C:/Users/bn261677/AppData/Roam
ing/MiKTeX/2.9/fonts/type1/public/tex-gyre/qtmb.pfb><C:/Users/bn261677/AppData/
Roaming/MiKTeX/2.9/fonts/type1/public/tex-gyre/qtmbi.pfb><C:/Users/bn261677/App
Data/Roaming/MiKTeX/2.9/fonts/type1/public/tex-gyre/qtmr.pfb><C:/Users/bn261677
/AppData/Roaming/MiKTeX/2.9/fonts/type1/public/tex-gyre/qtmri.pfb><C:/Users/bn2
61677/AppData/Roaming/MiKTeX/2.9/fonts/type1/public/txfonts/t1xbtt.pfb><C:/User
s/bn261677/AppData/Roaming/MiKTeX/2.9/fonts/type1/public/txfonts/t1xtt.pfb><C:/
Users/bn261677/AppData/Roaming/MiKTeX/2.9/fonts/type1/public/txfonts/t1xtt.pfb>
<C:/Program Files/MiKTeX 2.9/fonts/type1/urw/times/utmr8a.pfb>
Output written on tamos.pdf (127 pages, 709213 bytes).
PDF statistics:
 2265 PDF objects out of 2487 (max. 8388607)
 619 named destinations out of 1000 (max. 500000)
 501 words of extra memory for PDF output out of 10000 (max. 10000000)

